app/build/intermediates/manifest_merge_blame_file/debug/manifest-merger-blame-debug-report.txt
1<?xml version="1.0" encoding="utf-8"?>
2<manifest xmlns:android="http://schemas.android.com/apk/res/android"
3    package="nzc.camp"
4    android:versionCode="1"
5    android:versionName="1.0" >
6
7    <uses-sdk
8        android:minSdkVersion="15"
8-->src/main/AndroidManifest.xml
9        android:targetSdkVersion="29" />
9-->src/main/AndroidManifest.xml
10
11    <uses-permission android:name="android.permission.INTERNET" />
11-->src/main/AndroidManifest.xml:5:5-67
11-->src/main/AndroidManifest.xml:5:22-64
12
13    <application
13-->src/main/AndroidManifest.xml:7:5-58:19
14        android:allowBackup="true"
14-->src/main/AndroidManifest.xml:8:9-35
15        android:appComponentFactory="androidx.core.app.CoreComponentFactory"
15-->[androidx.core:core:1.1.0-beta01] AndroidManifest.xml:22:18-86
16        android:debuggable="true"
17        android:icon="@mipmap/ic_launcher"
17-->src/main/AndroidManifest.xml:9:9-43
18        android:label="@string/app_name"
18-->src/main/AndroidManifest.xml:10:9-41
19        android:roundIcon="@mipmap/ic_launcher_round"
19-->src/main/AndroidManifest.xml:11:9-54
20        android:supportsRtl="true"
20-->src/main/AndroidManifest.xml:12:9-35
21        android:testOnly="true"
22        android:theme="@style/AppTheme" >
22-->src/main/AndroidManifest.xml:13:9-40
23        <activity android:name="nzc.camp.Shona.About2Activity" />
23-->src/main/AndroidManifest.xml:14:9-67
23-->src/main/AndroidManifest.xml:14:19-55
24        <activity android:name="nzc.camp.Shona.Contact2Activity" />
24-->src/main/AndroidManifest.xml:15:9-60
24-->src/main/AndroidManifest.xml:15:19-57
25        <activity android:name="nzc.camp.Shona.Lessons2Activity" >
25-->src/main/AndroidManifest.xml:16:9-22:20
25-->src/main/AndroidManifest.xml:16:19-57
26            <intent-filter>
26-->src/main/AndroidManifest.xml:17:13-21:29
27                <action android:name="android.intent.action.PROCESS_TEXT" />
27-->src/main/AndroidManifest.xml:18:17-77
27-->src/main/AndroidManifest.xml:18:25-74
28
29                <category android:name="android.intent.category.DEFAULT" />
29-->src/main/AndroidManifest.xml:19:17-76
29-->src/main/AndroidManifest.xml:19:27-73
30
31                <data android:mimeType="text/plain" />
31-->src/main/AndroidManifest.xml:20:17-55
31-->src/main/AndroidManifest.xml:20:23-52
32            </intent-filter>
33        </activity>
34        <activity android:name="nzc.camp.Shona.LessonList2Activity" />
34-->src/main/AndroidManifest.xml:23:9-63
34-->src/main/AndroidManifest.xml:23:19-60
35        <activity android:name="nzc.camp.Shona.Intro2Activity" />
35-->src/main/AndroidManifest.xml:24:9-58
35-->src/main/AndroidManifest.xml:24:19-55
36        <activity android:name="nzc.camp.Shona.ThemeSong2Activity" />
36-->src/main/AndroidManifest.xml:25:9-62
36-->src/main/AndroidManifest.xml:25:19-59
37        <activity android:name="nzc.camp.Shona.Main2Activity" />
37-->src/main/AndroidManifest.xml:26:9-57
37-->src/main/AndroidManifest.xml:26:19-54
38        <activity android:name="nzc.camp.LanguageSelectActivity" />
38-->src/main/AndroidManifest.xml:27:9-60
38-->src/main/AndroidManifest.xml:27:19-57
39        <activity android:name="nzc.camp.English.AboutActivity" />
39-->src/main/AndroidManifest.xml:28:9-59
39-->src/main/AndroidManifest.xml:28:19-56
40        <activity android:name="nzc.camp.English.SettingsActivity" />
40-->src/main/AndroidManifest.xml:29:9-62
40-->src/main/AndroidManifest.xml:29:19-59
41        <activity
41-->src/main/AndroidManifest.xml:30:9-33:59
42            android:name="nzc.camp.English.ContactActivity"
42-->src/main/AndroidManifest.xml:31:13-52
43            android:label="@string/title_activity_contact"
43-->src/main/AndroidManifest.xml:32:13-59
44            android:theme="@style/AppTheme.NoActionBar" />
44-->src/main/AndroidManifest.xml:33:13-56
45        <activity android:name="nzc.camp.English.FeedbackActivity" />
45-->src/main/AndroidManifest.xml:34:9-62
45-->src/main/AndroidManifest.xml:34:19-59
46        <activity android:name="nzc.camp.English.LessonActivity" >
46-->src/main/AndroidManifest.xml:35:9-41:20
46-->src/main/AndroidManifest.xml:35:19-57
47            <intent-filter>
47-->src/main/AndroidManifest.xml:17:13-21:29
48                <action android:name="android.intent.action.PROCESS_TEXT" />
48-->src/main/AndroidManifest.xml:18:17-77
48-->src/main/AndroidManifest.xml:18:25-74
49
50                <category android:name="android.intent.category.DEFAULT" />
50-->src/main/AndroidManifest.xml:19:17-76
50-->src/main/AndroidManifest.xml:19:27-73
51
52                <data android:mimeType="text/plain" />
52-->src/main/AndroidManifest.xml:20:17-55
52-->src/main/AndroidManifest.xml:20:23-52
53            </intent-filter>
54        </activity>
55        <activity android:name="nzc.camp.English.LessonsListActivity" />
55-->src/main/AndroidManifest.xml:42:9-65
55-->src/main/AndroidManifest.xml:42:19-62
56        <activity android:name="nzc.camp.English.ThemeSongActivity" />
56-->src/main/AndroidManifest.xml:43:9-63
56-->src/main/AndroidManifest.xml:43:19-60
57        <activity android:name="nzc.camp.English.IntroActivity" />
57-->src/main/AndroidManifest.xml:44:9-59
57-->src/main/AndroidManifest.xml:44:19-56
58        <activity
58-->src/main/AndroidManifest.xml:45:9-47:59
59            android:name="nzc.camp.English.MainActivity"
59-->src/main/AndroidManifest.xml:46:13-49
60            android:theme="@style/AppTheme.NoActionBar" />
60-->src/main/AndroidManifest.xml:47:13-56
61        <activity
61-->src/main/AndroidManifest.xml:48:9-57:20
62            android:name="nzc.camp.SplashScreen"
62-->src/main/AndroidManifest.xml:49:13-41
63            android:noHistory="true"
63-->src/main/AndroidManifest.xml:50:13-37
64            android:theme="@style/SplashTheme" >
64-->src/main/AndroidManifest.xml:51:13-47
65            <intent-filter>
65-->src/main/AndroidManifest.xml:52:13-56:29
66                <action android:name="android.intent.action.MAIN" />
66-->src/main/AndroidManifest.xml:53:17-69
66-->src/main/AndroidManifest.xml:53:25-66
67
68                <category android:name="android.intent.category.LAUNCHER" />
68-->src/main/AndroidManifest.xml:55:17-77
68-->src/main/AndroidManifest.xml:55:27-74
69            </intent-filter>
70        </activity>
71
72        <provider
72-->[androidx.lifecycle:lifecycle-process:2.0.0] AndroidManifest.xml:23:9-27:43
73            android:name="androidx.lifecycle.ProcessLifecycleOwnerInitializer"
73-->[androidx.lifecycle:lifecycle-process:2.0.0] AndroidManifest.xml:24:13-79
74            android:authorities="nzc.camp.lifecycle-process"
74-->[androidx.lifecycle:lifecycle-process:2.0.0] AndroidManifest.xml:25:13-69
75            android:exported="false"
75-->[androidx.lifecycle:lifecycle-process:2.0.0] AndroidManifest.xml:26:13-37
76            android:multiprocess="true" />
76-->[androidx.lifecycle:lifecycle-process:2.0.0] AndroidManifest.xml:27:13-40
77    </application>
78
79</manifest>